TN:
SF:server/config.js
FNF:0
FNH:0
DA:3,3
DA:4,3
DA:5,3
DA:6,3
DA:7,3
LF:5
LH:5
BRDA:9,0,0,3
BRDA:9,0,1,3
BRF:2
BRH:2
end_of_record
TN:
SF:server/controller.js
FN:9,(anonymous_0)
FN:13,(anonymous_1)
FN:16,(anonymous_2)
FN:36,(anonymous_3)
FN:42,(anonymous_4)
FNF:5
FNH:5
FNDA:6,(anonymous_0)
FNDA:1,(anonymous_1)
FNDA:3,(anonymous_2)
FNDA:1,(anonymous_3)
FNDA:1,(anonymous_4)
DA:10,6
DA:14,1
DA:17,3
DA:18,3
DA:22,3
DA:23,3
DA:24,1
DA:25,1
DA:28,2
DA:29,1
DA:30,1
DA:33,1
DA:40,1
DA:42,1
DA:43,1
DA:44,1
DA:47,1
LF:17
LH:17
BRDA:23,0,0,1
BRDA:23,0,1,2
BRDA:28,1,0,1
BRDA:28,1,1,1
BRF:4
BRH:4
end_of_record
TN:
SF:server/routes.js
FN:20,routes
FN:104,handleError
FN:116,handler
FN:119,(anonymous_3)
FNF:4
FNH:4
FNDA:10,routes
FNDA:2,handleError
FNDA:10,handler
FNDA:2,(anonymous_3)
DA:17,1
DA:19,1
DA:24,10
DA:26,10
DA:27,1
DA:31,1
DA:34,9
DA:37,1
DA:44,1
DA:47,8
DA:50,1
DA:57,1
DA:60,7
DA:64,1
DA:65,1
DA:66,1
DA:72,1
DA:75,6
DA:76,1
DA:77,1
DA:78,1
DA:79,1
DA:83,5
DA:87,4
DA:88,2
DA:89,2
DA:90,1
DA:95,2
DA:99,1
DA:100,1
DA:105,2
DA:106,1
DA:107,1
DA:108,1
DA:111,1
DA:112,1
DA:113,1
DA:118,10
DA:119,2
LF:39
LH:39
BRDA:26,0,0,1
BRDA:26,0,1,9
BRDA:26,1,0,10
BRDA:26,1,1,8
BRDA:34,2,0,1
BRDA:34,2,1,8
BRDA:34,3,0,9
BRDA:34,3,1,7
BRDA:47,4,0,1
BRDA:47,4,1,7
BRDA:47,5,0,8
BRDA:47,5,1,6
BRDA:60,6,0,1
BRDA:60,6,1,6
BRDA:60,7,0,7
BRDA:60,7,1,5
BRDA:75,8,0,1
BRDA:75,8,1,5
BRDA:75,9,0,6
BRDA:75,9,1,2
BRDA:83,10,0,4
BRDA:83,10,1,1
BRDA:89,11,0,1
BRDA:89,11,1,1
BRDA:105,12,0,1
BRDA:105,12,1,1
BRF:26
BRH:26
end_of_record
TN:
SF:server/service.js
FN:36,(anonymous_0)
FN:44,(anonymous_1)
FN:56,(anonymous_2)
FN:60,(anonymous_3)
FN:64,(anonymous_4)
FN:82,(anonymous_5)
FN:96,(anonymous_6)
FN:98,(anonymous_7)
FN:113,(anonymous_8)
FN:125,(anonymous_9)
FN:129,(anonymous_10)
FN:133,(anonymous_11)
FN:145,(anonymous_12)
FNF:13
FNH:13
FNDA:18,(anonymous_0)
FNDA:1,(anonymous_1)
FNDA:1,(anonymous_2)
FNDA:1,(anonymous_3)
FNDA:2,(anonymous_4)
FNDA:4,(anonymous_5)
FNDA:1,(anonymous_6)
FNDA:1,(anonymous_7)
FNDA:1,(anonymous_8)
FNDA:2,(anonymous_9)
FNDA:2,(anonymous_10)
FNDA:1,(anonymous_11)
FNDA:1,(anonymous_12)
DA:34,3
DA:37,18
DA:38,18
DA:39,18
DA:40,18
DA:41,18
DA:45,1
DA:46,1
DA:47,1
DA:49,1
DA:57,1
DA:61,1
DA:65,2
DA:66,2
DA:75,2
DA:77,2
DA:82,4
DA:83,2
DA:84,1
DA:90,1
DA:92,1
DA:97,1
DA:99,1
DA:101,2
DA:102,1
DA:103,1
DA:106,1
DA:109,1
DA:114,1
DA:115,1
DA:116,1
DA:117,1
DA:118,1
DA:126,2
DA:130,2
DA:135,1
DA:137,1
DA:138,1
DA:139,1
DA:149,1
DA:150,1
LF:41
LH:41
BRDA:83,0,0,1
BRDA:83,0,1,1
BRDA:101,1,0,1
BRDA:101,1,1,1
BRF:4
BRH:4
end_of_record
TN:
SF:server/util.js
FNF:0
FNH:0
DA:3,3
DA:13,3
LF:2
LH:2
BRF:0
BRH:0
end_of_record
TN:
SF:tests/unit/_util/testUtil.js
FN:11,(anonymous_0)
FN:13,(anonymous_1)
FN:23,(anonymous_2)
FN:25,(anonymous_3)
FN:34,(anonymous_4)
FN:51,(anonymous_5)
FNF:6
FNH:6
FNDA:26,(anonymous_0)
FNDA:5,(anonymous_1)
FNDA:16,(anonymous_2)
FNDA:1,(anonymous_3)
FNDA:10,(anonymous_4)
FNDA:10,(anonymous_5)
DA:12,26
DA:14,5
DA:15,5
DA:18,5
DA:24,16
DA:27,1
DA:29,1
DA:35,10
DA:37,10
DA:38,10
DA:50,10
DA:51,10
LF:12
LH:12
BRF:0
BRH:0
end_of_record
