{"/spotify-radio/public/controller/js/controller.js": {"path":"/spotify-radio/public/controller/js/controller.js","statementMap":{"0":{"start":{"line":3,"column":4},"end":{"line":3,"column":20}},"1":{"start":{"line":4,"column":4},"end":{"line":4,"column":26}},"2":{"start":{"line":8,"column":24},"end":{"line":8,"column":52}},"3":{"start":{"line":9,"column":4},"end":{"line":9,"column":23}},"4":{"start":{"line":11,"column":4},"end":{"line":11,"column":21}},"5":{"start":{"line":15,"column":4},"end":{"line":17,"column":6}},"6":{"start":{"line":21,"column":4},"end":{"line":21,"column":66}},"7":{"start":{"line":22,"column":4},"end":{"line":22,"column":22}}},"fnMap":{"0":{"name":"(anonymous_0)","decl":{"start":{"line":2,"column":2},"end":{"line":2,"column":3}},"loc":{"start":{"line":2,"column":33},"end":{"line":5,"column":3}},"line":2},"1":{"name":"(anonymous_1)","decl":{"start":{"line":7,"column":2},"end":{"line":7,"column":3}},"loc":{"start":{"line":7,"column":34},"end":{"line":12,"column":3}},"line":7},"2":{"name":"(anonymous_2)","decl":{"start":{"line":14,"column":2},"end":{"line":14,"column":3}},"loc":{"start":{"line":14,"column":30},"end":{"line":18,"column":3}},"line":14},"3":{"name":"(anonymous_3)","decl":{"start":{"line":20,"column":2},"end":{"line":20,"column":3}},"loc":{"start":{"line":20,"column":11},"end":{"line":23,"column":3}},"line":20}},"branchMap":{},"s":{"0":4,"1":4,"2":1,"3":1,"4":1,"5":1,"6":1,"7":1},"f":{"0":4,"1":1,"2":1,"3":1},"b":{},"_coverageSchema":"1a1c01bbd47fc00a2c39e90264f33305004495a9","hash":"b5d11eb2dff15b9d5b1d0708e65519c7e81c7ada"}
,"/spotify-radio/public/controller/js/service.js": {"path":"/spotify-radio/public/controller/js/service.js","statementMap":{"0":{"start":{"line":3,"column":4},"end":{"line":3,"column":18}},"1":{"start":{"line":7,"column":19},"end":{"line":10,"column":6}},"2":{"start":{"line":12,"column":4},"end":{"line":12,"column":24}}},"fnMap":{"0":{"name":"(anonymous_0)","decl":{"start":{"line":2,"column":2},"end":{"line":2,"column":3}},"loc":{"start":{"line":2,"column":23},"end":{"line":4,"column":3}},"line":2},"1":{"name":"(anonymous_1)","decl":{"start":{"line":6,"column":2},"end":{"line":6,"column":3}},"loc":{"start":{"line":6,"column":26},"end":{"line":13,"column":3}},"line":6}},"branchMap":{},"s":{"0":1,"1":1,"2":1},"f":{"0":1,"1":1},"b":{},"_coverageSchema":"1a1c01bbd47fc00a2c39e90264f33305004495a9","hash":"e3672d3eda56de6513a871c81cc2907724c4a20b"}
,"/spotify-radio/public/controller/js/view.js": {"path":"/spotify-radio/public/controller/js/view.js","statementMap":{"0":{"start":{"line":3,"column":4},"end":{"line":3,"column":52}},"1":{"start":{"line":4,"column":4},"end":{"line":4,"column":50}},"2":{"start":{"line":5,"column":4},"end":{"line":5,"column":72}},"3":{"start":{"line":5,"column":25},"end":{"line":5,"column":72}},"4":{"start":{"line":7,"column":4},"end":{"line":7,"column":48}},"5":{"start":{"line":9,"column":4},"end":{"line":9,"column":32}},"6":{"start":{"line":11,"column":4},"end":{"line":11,"column":34}},"7":{"start":{"line":15,"column":4},"end":{"line":15,"column":38}},"8":{"start":{"line":16,"column":4},"end":{"line":16,"column":58}},"9":{"start":{"line":20,"column":4},"end":{"line":26,"column":6}},"10":{"start":{"line":22,"column":17},"end":{"line":22,"column":40}},"11":{"start":{"line":23,"column":6},"end":{"line":23,"column":37}},"12":{"start":{"line":25,"column":6},"end":{"line":25,"column":32}},"13":{"start":{"line":29,"column":4},"end":{"line":29,"column":24}},"14":{"start":{"line":37,"column":21},"end":{"line":37,"column":30}},"15":{"start":{"line":38,"column":4},"end":{"line":38,"column":34}},"16":{"start":{"line":39,"column":4},"end":{"line":39,"column":25}},"17":{"start":{"line":40,"column":4},"end":{"line":40,"column":43}},"18":{"start":{"line":42,"column":4},"end":{"line":44,"column":46}},"19":{"start":{"line":43,"column":21},"end":{"line":43,"column":52}},"20":{"start":{"line":48,"column":17},"end":{"line":48,"column":44}},"21":{"start":{"line":49,"column":4},"end":{"line":49,"column":38}},"22":{"start":{"line":49,"column":31},"end":{"line":49,"column":38}},"23":{"start":{"line":51,"column":4},"end":{"line":54,"column":5}},"24":{"start":{"line":52,"column":6},"end":{"line":52,"column":45}},"25":{"start":{"line":53,"column":6},"end":{"line":53,"column":12}},"26":{"start":{"line":56,"column":4},"end":{"line":56,"column":48}},"27":{"start":{"line":65,"column":8},"end":{"line":65,"column":11}},"28":{"start":{"line":67,"column":4},"end":{"line":67,"column":43}},"29":{"start":{"line":69,"column":4},"end":{"line":69,"column":36}},"30":{"start":{"line":70,"column":4},"end":{"line":73,"column":5}},"31":{"start":{"line":71,"column":12},"end":{"line":71,"column":51}},"32":{"start":{"line":77,"column":4},"end":{"line":80,"column":5}},"33":{"start":{"line":78,"column":6},"end":{"line":78,"column":29}},"34":{"start":{"line":79,"column":6},"end":{"line":79,"column":12}},"35":{"start":{"line":82,"column":4},"end":{"line":82,"column":30}},"36":{"start":{"line":90,"column":4},"end":{"line":90,"column":30}},"37":{"start":{"line":91,"column":4},"end":{"line":91,"column":42}},"38":{"start":{"line":93,"column":4},"end":{"line":93,"column":37}},"39":{"start":{"line":97,"column":20},"end":{"line":97,"column":45}},"40":{"start":{"line":99,"column":4},"end":{"line":99,"column":66}},"41":{"start":{"line":99,"column":36},"end":{"line":99,"column":64}},"42":{"start":{"line":102,"column":4},"end":{"line":106,"column":5}},"43":{"start":{"line":103,"column":6},"end":{"line":103,"column":43}},"44":{"start":{"line":104,"column":6},"end":{"line":104,"column":45}},"45":{"start":{"line":105,"column":6},"end":{"line":105,"column":13}},"46":{"start":{"line":108,"column":4},"end":{"line":108,"column":40}},"47":{"start":{"line":109,"column":4},"end":{"line":109,"column":44}}},"fnMap":{"0":{"name":"(anonymous_0)","decl":{"start":{"line":2,"column":2},"end":{"line":2,"column":3}},"loc":{"start":{"line":2,"column":16},"end":{"line":12,"column":3}},"line":2},"1":{"name":"(anonymous_1)","decl":{"start":{"line":5,"column":19},"end":{"line":5,"column":20}},"loc":{"start":{"line":5,"column":25},"end":{"line":5,"column":72}},"line":5},"2":{"name":"onBtnClick","decl":{"start":{"line":8,"column":19},"end":{"line":8,"column":29}},"loc":{"start":{"line":8,"column":33},"end":{"line":8,"column":35}},"line":8},"3":{"name":"(anonymous_3)","decl":{"start":{"line":14,"column":2},"end":{"line":14,"column":3}},"loc":{"start":{"line":14,"column":11},"end":{"line":17,"column":3}},"line":14},"4":{"name":"(anonymous_4)","decl":{"start":{"line":19,"column":2},"end":{"line":19,"column":3}},"loc":{"start":{"line":19,"column":43},"end":{"line":27,"column":3}},"line":19},"5":{"name":"(anonymous_5)","decl":{"start":{"line":21,"column":13},"end":{"line":21,"column":14}},"loc":{"start":{"line":21,"column":20},"end":{"line":26,"column":5}},"line":21},"6":{"name":"onClickReset","decl":{"start":{"line":24,"column":15},"end":{"line":24,"column":27}},"loc":{"start":{"line":24,"column":30},"end":{"line":24,"column":32}},"line":24},"7":{"name":"(anonymous_7)","decl":{"start":{"line":28,"column":2},"end":{"line":28,"column":3}},"loc":{"start":{"line":28,"column":26},"end":{"line":30,"column":3}},"line":28},"8":{"name":"(anonymous_8)","decl":{"start":{"line":32,"column":2},"end":{"line":32,"column":3}},"loc":{"start":{"line":36,"column":5},"end":{"line":45,"column":3}},"line":36},"9":{"name":"(anonymous_9)","decl":{"start":{"line":43,"column":14},"end":{"line":43,"column":15}},"loc":{"start":{"line":43,"column":21},"end":{"line":43,"column":52}},"line":43},"10":{"name":"(anonymous_10)","decl":{"start":{"line":47,"column":2},"end":{"line":47,"column":3}},"loc":{"start":{"line":47,"column":22},"end":{"line":57,"column":3}},"line":47},"11":{"name":"(anonymous_11)","decl":{"start":{"line":59,"column":2},"end":{"line":59,"column":3}},"loc":{"start":{"line":59,"column":28},"end":{"line":74,"column":3}},"line":59},"12":{"name":"(anonymous_12)","decl":{"start":{"line":71,"column":6},"end":{"line":71,"column":7}},"loc":{"start":{"line":71,"column":12},"end":{"line":71,"column":51}},"line":71},"13":{"name":"(anonymous_13)","decl":{"start":{"line":76,"column":2},"end":{"line":76,"column":3}},"loc":{"start":{"line":76,"column":37},"end":{"line":83,"column":3}},"line":76},"14":{"name":"(anonymous_14)","decl":{"start":{"line":85,"column":2},"end":{"line":85,"column":3}},"loc":{"start":{"line":89,"column":5},"end":{"line":94,"column":3}},"line":89},"15":{"name":"(anonymous_15)","decl":{"start":{"line":96,"column":2},"end":{"line":96,"column":3}},"loc":{"start":{"line":96,"column":29},"end":{"line":100,"column":3}},"line":96},"16":{"name":"(anonymous_16)","decl":{"start":{"line":99,"column":28},"end":{"line":99,"column":29}},"loc":{"start":{"line":99,"column":36},"end":{"line":99,"column":64}},"line":99},"17":{"name":"(anonymous_17)","decl":{"start":{"line":101,"column":2},"end":{"line":101,"column":3}},"loc":{"start":{"line":101,"column":32},"end":{"line":111,"column":3}},"line":101}},"branchMap":{"0":{"loc":{"start":{"line":19,"column":30},"end":{"line":19,"column":41}},"type":"default-arg","locations":[{"start":{"line":19,"column":37},"end":{"line":19,"column":41}}],"line":19},"1":{"loc":{"start":{"line":22,"column":17},"end":{"line":22,"column":40}},"type":"cond-expr","locations":[{"start":{"line":22,"column":24},"end":{"line":22,"column":29}},{"start":{"line":22,"column":32},"end":{"line":22,"column":40}}],"line":22},"2":{"loc":{"start":{"line":49,"column":4},"end":{"line":49,"column":38}},"type":"if","locations":[{"start":{"line":49,"column":4},"end":{"line":49,"column":38}},{"start":{},"end":{}}],"line":49},"3":{"loc":{"start":{"line":51,"column":4},"end":{"line":54,"column":5}},"type":"if","locations":[{"start":{"line":51,"column":4},"end":{"line":54,"column":5}},{"start":{},"end":{}}],"line":51},"4":{"loc":{"start":{"line":77,"column":4},"end":{"line":80,"column":5}},"type":"if","locations":[{"start":{"line":77,"column":4},"end":{"line":80,"column":5}},{"start":{},"end":{}}],"line":77},"5":{"loc":{"start":{"line":101,"column":17},"end":{"line":101,"column":30}},"type":"default-arg","locations":[{"start":{"line":101,"column":26},"end":{"line":101,"column":30}}],"line":101},"6":{"loc":{"start":{"line":102,"column":4},"end":{"line":106,"column":5}},"type":"if","locations":[{"start":{"line":102,"column":4},"end":{"line":106,"column":5}},{"start":{},"end":{}}],"line":102}},"s":{"0":17,"1":17,"2":17,"3":1,"4":17,"5":17,"6":17,"7":1,"8":1,"9":2,"10":2,"11":2,"12":2,"13":1,"14":1,"15":1,"16":1,"17":1,"18":1,"19":1,"20":3,"21":3,"22":1,"23":2,"24":1,"25":1,"26":1,"27":1,"28":1,"29":1,"30":1,"31":1,"32":2,"33":1,"34":1,"35":1,"36":1,"37":1,"38":1,"39":2,"40":2,"41":2,"42":2,"43":1,"44":1,"45":1,"46":1,"47":1},"f":{"0":17,"1":1,"2":1,"3":1,"4":2,"5":2,"6":2,"7":1,"8":1,"9":1,"10":3,"11":1,"12":1,"13":2,"14":1,"15":2,"16":2,"17":2},"b":{"0":[1],"1":[1,1],"2":[1,2],"3":[1,1],"4":[1,1],"5":[1],"6":[1,1]},"_coverageSchema":"1a1c01bbd47fc00a2c39e90264f33305004495a9","hash":"e46f2aa3a992c0251d441de4d2041e9e0599fdae"}
,"/spotify-radio/server/config.js": {"path":"/spotify-radio/server/config.js","statementMap":{"0":{"start":{"line":3,"column":19},"end":{"line":3,"column":58}},"1":{"start":{"line":4,"column":13},"end":{"line":4,"column":37}},"2":{"start":{"line":5,"column":23},"end":{"line":5,"column":43}},"3":{"start":{"line":6,"column":24},"end":{"line":6,"column":45}},"4":{"start":{"line":7,"column":23},"end":{"line":7,"column":52}}},"fnMap":{},"branchMap":{"0":{"loc":{"start":{"line":9,"column":8},"end":{"line":9,"column":32}},"type":"binary-expr","locations":[{"start":{"line":9,"column":8},"end":{"line":9,"column":24}},{"start":{"line":9,"column":28},"end":{"line":9,"column":32}}],"line":9}},"s":{"0":3,"1":3,"2":3,"3":3,"4":3},"f":{},"b":{"0":[3,3]},"_coverageSchema":"1a1c01bbd47fc00a2c39e90264f33305004495a9","hash":"d6a7b4e5bece930bb7d946aa539f2f3f8fa2cfa4"}
,"/spotify-radio/server/controller.js": {"path":"/spotify-radio/server/controller.js","statementMap":{"0":{"start":{"line":10,"column":4},"end":{"line":10,"column":32}},"1":{"start":{"line":14,"column":4},"end":{"line":14,"column":47}},"2":{"start":{"line":17,"column":4},"end":{"line":17,"column":47}},"3":{"start":{"line":18,"column":19},"end":{"line":20,"column":5}},"4":{"start":{"line":22,"column":16},"end":{"line":22,"column":37}},"5":{"start":{"line":23,"column":4},"end":{"line":26,"column":5}},"6":{"start":{"line":24,"column":6},"end":{"line":24,"column":36}},"7":{"start":{"line":25,"column":6},"end":{"line":25,"column":19}},"8":{"start":{"line":28,"column":4},"end":{"line":31,"column":5}},"9":{"start":{"line":29,"column":6},"end":{"line":29,"column":35}},"10":{"start":{"line":30,"column":6},"end":{"line":30,"column":19}},"11":{"start":{"line":32,"column":21},"end":{"line":32,"column":57}},"12":{"start":{"line":33,"column":4},"end":{"line":33,"column":51}},"13":{"start":{"line":34,"column":4},"end":{"line":34,"column":41}},"14":{"start":{"line":36,"column":4},"end":{"line":36,"column":17}},"15":{"start":{"line":44,"column":8},"end":{"line":44,"column":41}},"16":{"start":{"line":46,"column":20},"end":{"line":49,"column":5}},"17":{"start":{"line":47,"column":6},"end":{"line":47,"column":48}},"18":{"start":{"line":48,"column":6},"end":{"line":48,"column":41}},"19":{"start":{"line":51,"column":4},"end":{"line":54,"column":5}}},"fnMap":{"0":{"name":"(anonymous_0)","decl":{"start":{"line":9,"column":2},"end":{"line":9,"column":3}},"loc":{"start":{"line":9,"column":16},"end":{"line":11,"column":3}},"line":9},"1":{"name":"(anonymous_1)","decl":{"start":{"line":13,"column":2},"end":{"line":13,"column":3}},"loc":{"start":{"line":13,"column":32},"end":{"line":15,"column":3}},"line":13},"2":{"name":"(anonymous_2)","decl":{"start":{"line":16,"column":2},"end":{"line":16,"column":3}},"loc":{"start":{"line":16,"column":35},"end":{"line":38,"column":3}},"line":16},"3":{"name":"(anonymous_3)","decl":{"start":{"line":40,"column":2},"end":{"line":40,"column":3}},"loc":{"start":{"line":40,"column":23},"end":{"line":55,"column":3}},"line":40},"4":{"name":"(anonymous_4)","decl":{"start":{"line":46,"column":20},"end":{"line":46,"column":21}},"loc":{"start":{"line":46,"column":26},"end":{"line":49,"column":5}},"line":46}},"branchMap":{"0":{"loc":{"start":{"line":23,"column":4},"end":{"line":26,"column":5}},"type":"if","locations":[{"start":{"line":23,"column":4},"end":{"line":26,"column":5}},{"start":{},"end":{}}],"line":23},"1":{"loc":{"start":{"line":28,"column":4},"end":{"line":31,"column":5}},"type":"if","locations":[{"start":{"line":28,"column":4},"end":{"line":31,"column":5}},{"start":{},"end":{}}],"line":28}},"s":{"0":6,"1":1,"2":3,"3":3,"4":3,"5":3,"6":1,"7":1,"8":2,"9":1,"10":1,"11":1,"12":1,"13":1,"14":1,"15":1,"16":1,"17":1,"18":1,"19":1},"f":{"0":6,"1":1,"2":3,"3":1,"4":1},"b":{"0":[1,2],"1":[1,1]},"_coverageSchema":"1a1c01bbd47fc00a2c39e90264f33305004495a9","hash":"a1c2b03299f948eac7b7f62b1f1813b73b26c6e5"}
,"/spotify-radio/server/routes.js": {"path":"/spotify-radio/server/routes.js","statementMap":{"0":{"start":{"line":17,"column":4},"end":{"line":17,"column":10}},"1":{"start":{"line":19,"column":19},"end":{"line":19,"column":35}},"2":{"start":{"line":24,"column":6},"end":{"line":24,"column":13}},"3":{"start":{"line":26,"column":2},"end":{"line":32,"column":3}},"4":{"start":{"line":27,"column":4},"end":{"line":29,"column":6}},"5":{"start":{"line":31,"column":4},"end":{"line":31,"column":25}},"6":{"start":{"line":34,"column":2},"end":{"line":45,"column":3}},"7":{"start":{"line":37,"column":8},"end":{"line":37,"column":48}},"8":{"start":{"line":44,"column":4},"end":{"line":44,"column":32}},"9":{"start":{"line":47,"column":2},"end":{"line":58,"column":3}},"10":{"start":{"line":50,"column":8},"end":{"line":50,"column":54}},"11":{"start":{"line":57,"column":4},"end":{"line":57,"column":32}},"12":{"start":{"line":60,"column":2},"end":{"line":74,"column":3}},"13":{"start":{"line":64,"column":8},"end":{"line":64,"column":39}},"14":{"start":{"line":65,"column":4},"end":{"line":65,"column":34}},"15":{"start":{"line":67,"column":4},"end":{"line":71,"column":6}},"16":{"start":{"line":73,"column":4},"end":{"line":73,"column":32}},"17":{"start":{"line":76,"column":2},"end":{"line":81,"column":3}},"18":{"start":{"line":77,"column":17},"end":{"line":77,"column":44}},"19":{"start":{"line":78,"column":17},"end":{"line":78,"column":33}},"20":{"start":{"line":79,"column":19},"end":{"line":79,"column":55}},"21":{"start":{"line":80,"column":4},"end":{"line":80,"column":47}},"22":{"start":{"line":84,"column":2},"end":{"line":97,"column":3}},"23":{"start":{"line":88,"column":8},"end":{"line":88,"column":43}},"24":{"start":{"line":89,"column":24},"end":{"line":89,"column":42}},"25":{"start":{"line":90,"column":4},"end":{"line":95,"column":5}},"26":{"start":{"line":91,"column":6},"end":{"line":93,"column":8}},"27":{"start":{"line":96,"column":4},"end":{"line":96,"column":32}},"28":{"start":{"line":100,"column":2},"end":{"line":100,"column":25}},"29":{"start":{"line":101,"column":2},"end":{"line":101,"column":23}},"30":{"start":{"line":106,"column":2},"end":{"line":110,"column":3}},"31":{"start":{"line":107,"column":4},"end":{"line":107,"column":49}},"32":{"start":{"line":108,"column":4},"end":{"line":108,"column":27}},"33":{"start":{"line":109,"column":4},"end":{"line":109,"column":25}},"34":{"start":{"line":112,"column":2},"end":{"line":112,"column":52}},"35":{"start":{"line":113,"column":2},"end":{"line":113,"column":25}},"36":{"start":{"line":114,"column":2},"end":{"line":114,"column":23}},"37":{"start":{"line":119,"column":2},"end":{"line":120,"column":49}},"38":{"start":{"line":120,"column":20},"end":{"line":120,"column":48}}},"fnMap":{"0":{"name":"routes","decl":{"start":{"line":20,"column":15},"end":{"line":20,"column":21}},"loc":{"start":{"line":20,"column":41},"end":{"line":103,"column":1}},"line":20},"1":{"name":"handleError","decl":{"start":{"line":105,"column":9},"end":{"line":105,"column":20}},"loc":{"start":{"line":105,"column":38},"end":{"line":115,"column":1}},"line":105},"2":{"name":"handler","decl":{"start":{"line":117,"column":16},"end":{"line":117,"column":23}},"loc":{"start":{"line":117,"column":43},"end":{"line":121,"column":1}},"line":117},"3":{"name":"(anonymous_3)","decl":{"start":{"line":120,"column":11},"end":{"line":120,"column":12}},"loc":{"start":{"line":120,"column":20},"end":{"line":120,"column":48}},"line":120}},"branchMap":{"0":{"loc":{"start":{"line":26,"column":2},"end":{"line":32,"column":3}},"type":"if","locations":[{"start":{"line":26,"column":2},"end":{"line":32,"column":3}},{"start":{},"end":{}}],"line":26},"1":{"loc":{"start":{"line":26,"column":6},"end":{"line":26,"column":37}},"type":"binary-expr","locations":[{"start":{"line":26,"column":6},"end":{"line":26,"column":22}},{"start":{"line":26,"column":26},"end":{"line":26,"column":37}}],"line":26},"2":{"loc":{"start":{"line":34,"column":2},"end":{"line":45,"column":3}},"type":"if","locations":[{"start":{"line":34,"column":2},"end":{"line":45,"column":3}},{"start":{},"end":{}}],"line":34},"3":{"loc":{"start":{"line":34,"column":6},"end":{"line":34,"column":41}},"type":"binary-expr","locations":[{"start":{"line":34,"column":6},"end":{"line":34,"column":22}},{"start":{"line":34,"column":26},"end":{"line":34,"column":41}}],"line":34},"4":{"loc":{"start":{"line":47,"column":2},"end":{"line":58,"column":3}},"type":"if","locations":[{"start":{"line":47,"column":2},"end":{"line":58,"column":3}},{"start":{},"end":{}}],"line":47},"5":{"loc":{"start":{"line":47,"column":6},"end":{"line":47,"column":47}},"type":"binary-expr","locations":[{"start":{"line":47,"column":6},"end":{"line":47,"column":22}},{"start":{"line":47,"column":26},"end":{"line":47,"column":47}}],"line":47},"6":{"loc":{"start":{"line":60,"column":2},"end":{"line":74,"column":3}},"type":"if","locations":[{"start":{"line":60,"column":2},"end":{"line":74,"column":3}},{"start":{},"end":{}}],"line":60},"7":{"loc":{"start":{"line":60,"column":6},"end":{"line":60,"column":49}},"type":"binary-expr","locations":[{"start":{"line":60,"column":6},"end":{"line":60,"column":22}},{"start":{"line":60,"column":26},"end":{"line":60,"column":49}}],"line":60},"8":{"loc":{"start":{"line":76,"column":2},"end":{"line":81,"column":3}},"type":"if","locations":[{"start":{"line":76,"column":2},"end":{"line":81,"column":3}},{"start":{},"end":{}}],"line":76},"9":{"loc":{"start":{"line":76,"column":5},"end":{"line":76,"column":47}},"type":"binary-expr","locations":[{"start":{"line":76,"column":5},"end":{"line":76,"column":22}},{"start":{"line":76,"column":26},"end":{"line":76,"column":47}}],"line":76},"10":{"loc":{"start":{"line":84,"column":2},"end":{"line":97,"column":3}},"type":"if","locations":[{"start":{"line":84,"column":2},"end":{"line":97,"column":3}},{"start":{},"end":{}}],"line":84},"11":{"loc":{"start":{"line":90,"column":4},"end":{"line":95,"column":5}},"type":"if","locations":[{"start":{"line":90,"column":4},"end":{"line":95,"column":5}},{"start":{},"end":{}}],"line":90},"12":{"loc":{"start":{"line":106,"column":2},"end":{"line":110,"column":3}},"type":"if","locations":[{"start":{"line":106,"column":2},"end":{"line":110,"column":3}},{"start":{},"end":{}}],"line":106}},"s":{"0":1,"1":1,"2":10,"3":10,"4":1,"5":1,"6":9,"7":1,"8":1,"9":8,"10":1,"11":1,"12":7,"13":1,"14":1,"15":1,"16":1,"17":6,"18":1,"19":1,"20":1,"21":1,"22":5,"23":4,"24":2,"25":2,"26":1,"27":2,"28":1,"29":1,"30":2,"31":1,"32":1,"33":1,"34":1,"35":1,"36":1,"37":10,"38":2},"f":{"0":10,"1":2,"2":10,"3":2},"b":{"0":[1,9],"1":[10,8],"2":[1,8],"3":[9,7],"4":[1,7],"5":[8,6],"6":[1,6],"7":[7,5],"8":[1,5],"9":[6,2],"10":[4,1],"11":[1,1],"12":[1,1]},"_coverageSchema":"1a1c01bbd47fc00a2c39e90264f33305004495a9","hash":"9101ec75f90f57963335bd793320754fe1cc252b"}
,"/spotify-radio/server/service.js": {"path":"/spotify-radio/server/service.js","statementMap":{"0":{"start":{"line":38,"column":4},"end":{"line":38,"column":10}},"1":{"start":{"line":41,"column":4},"end":{"line":41,"column":34}},"2":{"start":{"line":42,"column":4},"end":{"line":42,"column":42}},"3":{"start":{"line":43,"column":4},"end":{"line":43,"column":27}},"4":{"start":{"line":44,"column":4},"end":{"line":44,"column":31}},"5":{"start":{"line":45,"column":4},"end":{"line":45,"column":29}},"6":{"start":{"line":49,"column":15},"end":{"line":49,"column":27}},"7":{"start":{"line":50,"column":25},"end":{"line":50,"column":42}},"8":{"start":{"line":51,"column":4},"end":{"line":51,"column":44}},"9":{"start":{"line":53,"column":4},"end":{"line":56,"column":5}},"10":{"start":{"line":61,"column":4},"end":{"line":61,"column":33}},"11":{"start":{"line":65,"column":4},"end":{"line":65,"column":42}},"12":{"start":{"line":69,"column":4},"end":{"line":97,"column":5}},"13":{"start":{"line":70,"column":19},"end":{"line":74,"column":7}},"14":{"start":{"line":79,"column":10},"end":{"line":79,"column":39}},"15":{"start":{"line":81,"column":6},"end":{"line":84,"column":8}},"16":{"start":{"line":86,"column":31},"end":{"line":86,"column":76}},"17":{"start":{"line":86,"column":62},"end":{"line":86,"column":75}},"18":{"start":{"line":87,"column":6},"end":{"line":87,"column":51}},"19":{"start":{"line":87,"column":17},"end":{"line":87,"column":51}},"20":{"start":{"line":88,"column":6},"end":{"line":91,"column":28}},"21":{"start":{"line":94,"column":6},"end":{"line":94,"column":51}},"22":{"start":{"line":96,"column":6},"end":{"line":96,"column":28}},"23":{"start":{"line":101,"column":4},"end":{"line":115,"column":6}},"24":{"start":{"line":103,"column":8},"end":{"line":111,"column":9}},"25":{"start":{"line":105,"column":10},"end":{"line":108,"column":11}},"26":{"start":{"line":106,"column":12},"end":{"line":106,"column":41}},"27":{"start":{"line":107,"column":12},"end":{"line":107,"column":21}},"28":{"start":{"line":110,"column":10},"end":{"line":110,"column":29}},"29":{"start":{"line":113,"column":8},"end":{"line":113,"column":12}},"30":{"start":{"line":118,"column":4},"end":{"line":118,"column":52}},"31":{"start":{"line":119,"column":20},"end":{"line":119,"column":100}},"32":{"start":{"line":120,"column":30},"end":{"line":120,"column":76}},"33":{"start":{"line":121,"column":25},"end":{"line":121,"column":87}},"34":{"start":{"line":122,"column":4},"end":{"line":126,"column":5}},"35":{"start":{"line":130,"column":4},"end":{"line":130,"column":35}},"36":{"start":{"line":134,"column":4},"end":{"line":134,"column":40}},"37":{"start":{"line":139,"column":25},"end":{"line":139,"column":52}},"38":{"start":{"line":141,"column":4},"end":{"line":141,"column":41}},"39":{"start":{"line":142,"column":21},"end":{"line":142,"column":42}},"40":{"start":{"line":143,"column":4},"end":{"line":146,"column":5}},"41":{"start":{"line":153,"column":8},"end":{"line":153,"column":36}},"42":{"start":{"line":154,"column":4},"end":{"line":157,"column":5}},"43":{"start":{"line":161,"column":18},"end":{"line":161,"column":55}},"44":{"start":{"line":162,"column":23},"end":{"line":162,"column":86}},"45":{"start":{"line":162,"column":46},"end":{"line":162,"column":85}},"46":{"start":{"line":163,"column":4},"end":{"line":163,"column":78}},"47":{"start":{"line":163,"column":21},"end":{"line":163,"column":78}},"48":{"start":{"line":165,"column":4},"end":{"line":165,"column":45}},"49":{"start":{"line":169,"column":34},"end":{"line":169,"column":67}},"50":{"start":{"line":170,"column":4},"end":{"line":173,"column":5}},"51":{"start":{"line":175,"column":19},"end":{"line":187,"column":5}},"52":{"start":{"line":176,"column":30},"end":{"line":176,"column":78}},"53":{"start":{"line":178,"column":6},"end":{"line":178,"column":52}},"54":{"start":{"line":179,"column":6},"end":{"line":179,"column":44}},"55":{"start":{"line":180,"column":6},"end":{"line":180,"column":59}},"56":{"start":{"line":182,"column":6},"end":{"line":185,"column":7}},"57":{"start":{"line":188,"column":4},"end":{"line":188,"column":47}},"58":{"start":{"line":189,"column":4},"end":{"line":189,"column":34}},"59":{"start":{"line":190,"column":4},"end":{"line":190,"column":55}},"60":{"start":{"line":195,"column":28},"end":{"line":195,"column":41}},"61":{"start":{"line":196,"column":17},"end":{"line":206,"column":5}},"62":{"start":{"line":211,"column":8},"end":{"line":211,"column":37}},"63":{"start":{"line":215,"column":4},"end":{"line":218,"column":7}},"64":{"start":{"line":221,"column":4},"end":{"line":224,"column":7}},"65":{"start":{"line":227,"column":4},"end":{"line":227,"column":26}}},"fnMap":{"0":{"name":"(anonymous_0)","decl":{"start":{"line":40,"column":2},"end":{"line":40,"column":3}},"loc":{"start":{"line":40,"column":16},"end":{"line":46,"column":3}},"line":40},"1":{"name":"(anonymous_1)","decl":{"start":{"line":48,"column":2},"end":{"line":48,"column":3}},"loc":{"start":{"line":48,"column":23},"end":{"line":58,"column":3}},"line":48},"2":{"name":"(anonymous_2)","decl":{"start":{"line":60,"column":2},"end":{"line":60,"column":3}},"loc":{"start":{"line":60,"column":25},"end":{"line":62,"column":3}},"line":60},"3":{"name":"(anonymous_3)","decl":{"start":{"line":64,"column":2},"end":{"line":64,"column":3}},"loc":{"start":{"line":64,"column":27},"end":{"line":66,"column":3}},"line":64},"4":{"name":"(anonymous_4)","decl":{"start":{"line":68,"column":2},"end":{"line":68,"column":3}},"loc":{"start":{"line":68,"column":25},"end":{"line":98,"column":3}},"line":68},"5":{"name":"(anonymous_5)","decl":{"start":{"line":86,"column":52},"end":{"line":86,"column":53}},"loc":{"start":{"line":86,"column":62},"end":{"line":86,"column":75}},"line":86},"6":{"name":"(anonymous_6)","decl":{"start":{"line":100,"column":2},"end":{"line":100,"column":3}},"loc":{"start":{"line":100,"column":14},"end":{"line":116,"column":3}},"line":100},"7":{"name":"(anonymous_7)","decl":{"start":{"line":102,"column":13},"end":{"line":102,"column":14}},"loc":{"start":{"line":102,"column":33},"end":{"line":114,"column":7}},"line":102},"8":{"name":"(anonymous_8)","decl":{"start":{"line":117,"column":2},"end":{"line":117,"column":3}},"loc":{"start":{"line":117,"column":26},"end":{"line":127,"column":3}},"line":117},"9":{"name":"(anonymous_9)","decl":{"start":{"line":129,"column":2},"end":{"line":129,"column":3}},"loc":{"start":{"line":129,"column":19},"end":{"line":131,"column":3}},"line":129},"10":{"name":"(anonymous_10)","decl":{"start":{"line":133,"column":2},"end":{"line":133,"column":3}},"loc":{"start":{"line":133,"column":29},"end":{"line":135,"column":3}},"line":133},"11":{"name":"(anonymous_11)","decl":{"start":{"line":137,"column":2},"end":{"line":137,"column":3}},"loc":{"start":{"line":137,"column":26},"end":{"line":147,"column":3}},"line":137},"12":{"name":"(anonymous_12)","decl":{"start":{"line":149,"column":2},"end":{"line":149,"column":3}},"loc":{"start":{"line":149,"column":28},"end":{"line":158,"column":3}},"line":149},"13":{"name":"(anonymous_13)","decl":{"start":{"line":160,"column":2},"end":{"line":160,"column":3}},"loc":{"start":{"line":160,"column":29},"end":{"line":166,"column":3}},"line":160},"14":{"name":"(anonymous_14)","decl":{"start":{"line":162,"column":34},"end":{"line":162,"column":35}},"loc":{"start":{"line":162,"column":46},"end":{"line":162,"column":85}},"line":162},"15":{"name":"(anonymous_15)","decl":{"start":{"line":168,"column":2},"end":{"line":168,"column":3}},"loc":{"start":{"line":168,"column":21},"end":{"line":191,"column":3}},"line":168},"16":{"name":"(anonymous_16)","decl":{"start":{"line":175,"column":19},"end":{"line":175,"column":20}},"loc":{"start":{"line":175,"column":25},"end":{"line":187,"column":5}},"line":175},"17":{"name":"(anonymous_17)","decl":{"start":{"line":194,"column":2},"end":{"line":194,"column":3}},"loc":{"start":{"line":194,"column":36},"end":{"line":228,"column":3}},"line":194}},"branchMap":{"0":{"loc":{"start":{"line":87,"column":6},"end":{"line":87,"column":51}},"type":"if","locations":[{"start":{"line":87,"column":6},"end":{"line":87,"column":51}},{"start":{},"end":{}}],"line":87},"1":{"loc":{"start":{"line":105,"column":10},"end":{"line":108,"column":11}},"type":"if","locations":[{"start":{"line":105,"column":10},"end":{"line":108,"column":11}},{"start":{},"end":{}}],"line":105},"2":{"loc":{"start":{"line":163,"column":4},"end":{"line":163,"column":78}},"type":"if","locations":[{"start":{"line":163,"column":4},"end":{"line":163,"column":78}},{"start":{},"end":{}}],"line":163}},"s":{"0":3,"1":22,"2":22,"3":22,"4":22,"5":22,"6":1,"7":1,"8":1,"9":1,"10":1,"11":1,"12":2,"13":2,"14":2,"15":2,"16":2,"17":4,"18":2,"19":1,"20":1,"21":1,"22":1,"23":1,"24":1,"25":2,"26":1,"27":1,"28":1,"29":1,"30":1,"31":1,"32":1,"33":1,"34":1,"35":2,"36":2,"37":1,"38":1,"39":1,"40":1,"41":1,"42":1,"43":2,"44":2,"45":1,"46":2,"47":1,"48":1,"49":1,"50":1,"51":1,"52":1,"53":1,"54":1,"55":1,"56":1,"57":1,"58":1,"59":1,"60":1,"61":1,"62":1,"63":1,"64":1,"65":1},"f":{"0":22,"1":1,"2":1,"3":1,"4":2,"5":4,"6":1,"7":1,"8":1,"9":2,"10":2,"11":1,"12":1,"13":2,"14":1,"15":1,"16":1,"17":1},"b":{"0":[1,1],"1":[1,1],"2":[1,1]},"_coverageSchema":"1a1c01bbd47fc00a2c39e90264f33305004495a9","hash":"9a2be416afba3b794de0b22fa364b58fd3828743"}
,"/spotify-radio/server/util.js": {"path":"/spotify-radio/server/util.js","statementMap":{"0":{"start":{"line":3,"column":12},"end":{"line":11,"column":2}},"1":{"start":{"line":13,"column":22},"end":{"line":13,"column":25}}},"fnMap":{},"branchMap":{},"s":{"0":3,"1":3},"f":{},"b":{},"_coverageSchema":"1a1c01bbd47fc00a2c39e90264f33305004495a9","hash":"8046f063b8b4a8f1672901a70cfb329eeaacd776"}
,"/spotify-radio/tests/unit/_util/testUtil.js": {"path":"/spotify-radio/tests/unit/_util/testUtil.js","statementMap":{"0":{"start":{"line":12,"column":4},"end":{"line":20,"column":6}},"1":{"start":{"line":14,"column":8},"end":{"line":16,"column":9}},"2":{"start":{"line":15,"column":10},"end":{"line":15,"column":25}},"3":{"start":{"line":18,"column":8},"end":{"line":18,"column":23}},"4":{"start":{"line":24,"column":4},"end":{"line":31,"column":6}},"5":{"start":{"line":27,"column":8},"end":{"line":27,"column":23}},"6":{"start":{"line":29,"column":8},"end":{"line":29,"column":23}},"7":{"start":{"line":35,"column":26},"end":{"line":35,"column":81}},"8":{"start":{"line":37,"column":21},"end":{"line":37,"column":54}},"9":{"start":{"line":38,"column":17},"end":{"line":48,"column":5}},"10":{"start":{"line":50,"column":4},"end":{"line":53,"column":5}},"11":{"start":{"line":51,"column":20},"end":{"line":51,"column":39}}},"fnMap":{"0":{"name":"(anonymous_0)","decl":{"start":{"line":11,"column":2},"end":{"line":11,"column":3}},"loc":{"start":{"line":11,"column":38},"end":{"line":21,"column":3}},"line":11},"1":{"name":"(anonymous_1)","decl":{"start":{"line":13,"column":6},"end":{"line":13,"column":7}},"loc":{"start":{"line":13,"column":13},"end":{"line":19,"column":7}},"line":13},"2":{"name":"(anonymous_2)","decl":{"start":{"line":23,"column":2},"end":{"line":23,"column":3}},"loc":{"start":{"line":23,"column":40},"end":{"line":32,"column":3}},"line":23},"3":{"name":"(anonymous_3)","decl":{"start":{"line":25,"column":6},"end":{"line":25,"column":7}},"loc":{"start":{"line":25,"column":28},"end":{"line":30,"column":7}},"line":25},"4":{"name":"(anonymous_4)","decl":{"start":{"line":34,"column":2},"end":{"line":34,"column":3}},"loc":{"start":{"line":34,"column":31},"end":{"line":54,"column":3}},"line":34},"5":{"name":"(anonymous_5)","decl":{"start":{"line":51,"column":14},"end":{"line":51,"column":15}},"loc":{"start":{"line":51,"column":20},"end":{"line":51,"column":39}},"line":51}},"branchMap":{},"s":{"0":30,"1":5,"2":5,"3":5,"4":18,"5":1,"6":1,"7":10,"8":10,"9":10,"10":10,"11":10},"f":{"0":30,"1":5,"2":18,"3":1,"4":10,"5":10},"b":{},"_coverageSchema":"1a1c01bbd47fc00a2c39e90264f33305004495a9","hash":"404a8bbfc321fbec2765905037f19f83ebebcd1c"}
}
