TN:
SF:public/controller/js/controller.js
FN:2,(anonymous_0)
FN:7,(anonymous_1)
FN:14,(anonymous_2)
FN:20,(anonymous_3)
FNF:4
FNH:4
FNDA:4,(anonymous_0)
FNDA:1,(anonymous_1)
FNDA:1,(anonymous_2)
FNDA:1,(anonymous_3)
DA:3,4
DA:4,4
DA:8,1
DA:9,1
DA:11,1
DA:15,1
DA:21,1
DA:22,1
LF:8
LH:8
BRF:0
BRH:0
end_of_record
TN:
SF:public/controller/js/service.js
FN:2,(anonymous_0)
FN:6,(anonymous_1)
FNF:2
FNH:2
FNDA:1,(anonymous_0)
FNDA:1,(anonymous_1)
DA:3,1
DA:7,1
DA:12,1
LF:3
LH:3
BRF:0
BRH:0
end_of_record
TN:
SF:public/controller/js/view.js
FN:2,(anonymous_0)
FN:5,(anonymous_1)
FN:8,onBtnClick
FN:14,(anonymous_3)
FN:19,(anonymous_4)
FN:21,(anonymous_5)
FN:24,onClickReset
FN:28,(anonymous_7)
FN:32,(anonymous_8)
FN:43,(anonymous_9)
FN:47,(anonymous_10)
FN:59,(anonymous_11)
FN:71,(anonymous_12)
FN:76,(anonymous_13)
FN:85,(anonymous_14)
FN:96,(anonymous_15)
FN:99,(anonymous_16)
FN:101,(anonymous_17)
FNF:18
FNH:18
FNDA:17,(anonymous_0)
FNDA:1,(anonymous_1)
FNDA:1,onBtnClick
FNDA:1,(anonymous_3)
FNDA:2,(anonymous_4)
FNDA:2,(anonymous_5)
FNDA:2,onClickReset
FNDA:1,(anonymous_7)
FNDA:1,(anonymous_8)
FNDA:1,(anonymous_9)
FNDA:3,(anonymous_10)
FNDA:1,(anonymous_11)
FNDA:1,(anonymous_12)
FNDA:2,(anonymous_13)
FNDA:1,(anonymous_14)
FNDA:2,(anonymous_15)
FNDA:2,(anonymous_16)
FNDA:2,(anonymous_17)
DA:3,17
DA:4,17
DA:5,17
DA:7,17
DA:9,17
DA:11,17
DA:15,1
DA:16,1
DA:20,2
DA:22,2
DA:23,2
DA:25,2
DA:29,1
DA:37,1
DA:38,1
DA:39,1
DA:40,1
DA:42,1
DA:43,1
DA:48,3
DA:49,3
DA:51,2
DA:52,1
DA:53,1
DA:56,1
DA:65,1
DA:67,1
DA:69,1
DA:70,1
DA:71,1
DA:77,2
DA:78,1
DA:79,1
DA:82,1
DA:90,1
DA:91,1
DA:93,1
DA:97,2
DA:99,2
DA:102,2
DA:103,1
DA:104,1
DA:105,1
DA:108,1
DA:109,1
LF:45
LH:45
BRDA:19,0,0,1
BRDA:22,1,0,1
BRDA:22,1,1,1
BRDA:49,2,0,1
BRDA:49,2,1,2
BRDA:51,3,0,1
BRDA:51,3,1,1
BRDA:77,4,0,1
BRDA:77,4,1,1
BRDA:101,5,0,1
BRDA:102,6,0,1
BRDA:102,6,1,1
BRF:12
BRH:12
end_of_record
TN:
SF:server/config.js
FNF:0
FNH:0
DA:3,3
DA:4,3
DA:5,3
DA:6,3
DA:7,3
LF:5
LH:5
BRDA:9,0,0,3
BRDA:9,0,1,3
BRF:2
BRH:2
end_of_record
TN:
SF:server/controller.js
FN:9,(anonymous_0)
FN:13,(anonymous_1)
FN:16,(anonymous_2)
FN:40,(anonymous_3)
FN:46,(anonymous_4)
FNF:5
FNH:5
FNDA:6,(anonymous_0)
FNDA:1,(anonymous_1)
FNDA:3,(anonymous_2)
FNDA:1,(anonymous_3)
FNDA:1,(anonymous_4)
DA:10,6
DA:14,1
DA:17,3
DA:18,3
DA:22,3
DA:23,3
DA:24,1
DA:25,1
DA:28,2
DA:29,1
DA:30,1
DA:32,1
DA:33,1
DA:34,1
DA:36,1
DA:44,1
DA:46,1
DA:47,1
DA:48,1
DA:51,1
LF:20
LH:20
BRDA:23,0,0,1
BRDA:23,0,1,2
BRDA:28,1,0,1
BRDA:28,1,1,1
BRF:4
BRH:4
end_of_record
TN:
SF:server/routes.js
FN:20,routes
FN:105,handleError
FN:117,handler
FN:120,(anonymous_3)
FNF:4
FNH:4
FNDA:10,routes
FNDA:2,handleError
FNDA:10,handler
FNDA:2,(anonymous_3)
DA:17,1
DA:19,1
DA:24,10
DA:26,10
DA:27,1
DA:31,1
DA:34,9
DA:37,1
DA:44,1
DA:47,8
DA:50,1
DA:57,1
DA:60,7
DA:64,1
DA:65,1
DA:67,1
DA:73,1
DA:76,6
DA:77,1
DA:78,1
DA:79,1
DA:80,1
DA:84,5
DA:88,4
DA:89,2
DA:90,2
DA:91,1
DA:96,2
DA:100,1
DA:101,1
DA:106,2
DA:107,1
DA:108,1
DA:109,1
DA:112,1
DA:113,1
DA:114,1
DA:119,10
DA:120,2
LF:39
LH:39
BRDA:26,0,0,1
BRDA:26,0,1,9
BRDA:26,1,0,10
BRDA:26,1,1,8
BRDA:34,2,0,1
BRDA:34,2,1,8
BRDA:34,3,0,9
BRDA:34,3,1,7
BRDA:47,4,0,1
BRDA:47,4,1,7
BRDA:47,5,0,8
BRDA:47,5,1,6
BRDA:60,6,0,1
BRDA:60,6,1,6
BRDA:60,7,0,7
BRDA:60,7,1,5
BRDA:76,8,0,1
BRDA:76,8,1,5
BRDA:76,9,0,6
BRDA:76,9,1,2
BRDA:84,10,0,4
BRDA:84,10,1,1
BRDA:90,11,0,1
BRDA:90,11,1,1
BRDA:106,12,0,1
BRDA:106,12,1,1
BRF:26
BRH:26
end_of_record
TN:
SF:server/service.js
FN:40,(anonymous_0)
FN:48,(anonymous_1)
FN:60,(anonymous_2)
FN:64,(anonymous_3)
FN:68,(anonymous_4)
FN:86,(anonymous_5)
FN:100,(anonymous_6)
FN:102,(anonymous_7)
FN:117,(anonymous_8)
FN:129,(anonymous_9)
FN:133,(anonymous_10)
FN:137,(anonymous_11)
FN:149,(anonymous_12)
FN:160,(anonymous_13)
FN:162,(anonymous_14)
FN:168,(anonymous_15)
FN:175,(anonymous_16)
FN:194,(anonymous_17)
FNF:18
FNH:18
FNDA:22,(anonymous_0)
FNDA:1,(anonymous_1)
FNDA:1,(anonymous_2)
FNDA:1,(anonymous_3)
FNDA:2,(anonymous_4)
FNDA:4,(anonymous_5)
FNDA:1,(anonymous_6)
FNDA:1,(anonymous_7)
FNDA:1,(anonymous_8)
FNDA:2,(anonymous_9)
FNDA:2,(anonymous_10)
FNDA:1,(anonymous_11)
FNDA:1,(anonymous_12)
FNDA:2,(anonymous_13)
FNDA:1,(anonymous_14)
FNDA:1,(anonymous_15)
FNDA:1,(anonymous_16)
FNDA:1,(anonymous_17)
DA:38,3
DA:41,22
DA:42,22
DA:43,22
DA:44,22
DA:45,22
DA:49,1
DA:50,1
DA:51,1
DA:53,1
DA:61,1
DA:65,1
DA:69,2
DA:70,2
DA:79,2
DA:81,2
DA:86,4
DA:87,2
DA:88,1
DA:94,1
DA:96,1
DA:101,1
DA:103,1
DA:105,2
DA:106,1
DA:107,1
DA:110,1
DA:113,1
DA:118,1
DA:119,1
DA:120,1
DA:121,1
DA:122,1
DA:130,2
DA:134,2
DA:139,1
DA:141,1
DA:142,1
DA:143,1
DA:153,1
DA:154,1
DA:161,2
DA:162,2
DA:163,2
DA:165,1
DA:169,1
DA:170,1
DA:175,1
DA:176,1
DA:178,1
DA:179,1
DA:180,1
DA:182,1
DA:188,1
DA:189,1
DA:190,1
DA:195,1
DA:196,1
DA:211,1
DA:215,1
DA:221,1
DA:227,1
LF:62
LH:62
BRDA:87,0,0,1
BRDA:87,0,1,1
BRDA:105,1,0,1
BRDA:105,1,1,1
BRDA:163,2,0,1
BRDA:163,2,1,1
BRF:6
BRH:6
end_of_record
TN:
SF:server/util.js
FNF:0
FNH:0
DA:3,3
DA:13,3
LF:2
LH:2
BRF:0
BRH:0
end_of_record
TN:
SF:tests/unit/_util/testUtil.js
FN:11,(anonymous_0)
FN:13,(anonymous_1)
FN:23,(anonymous_2)
FN:25,(anonymous_3)
FN:34,(anonymous_4)
FN:51,(anonymous_5)
FNF:6
FNH:6
FNDA:30,(anonymous_0)
FNDA:5,(anonymous_1)
FNDA:18,(anonymous_2)
FNDA:1,(anonymous_3)
FNDA:10,(anonymous_4)
FNDA:10,(anonymous_5)
DA:12,30
DA:14,5
DA:15,5
DA:18,5
DA:24,18
DA:27,1
DA:29,1
DA:35,10
DA:37,10
DA:38,10
DA:50,10
DA:51,10
LF:12
LH:12
BRF:0
BRH:0
end_of_record
